# JRE version: OpenJDK Runtime Environment Temurin-21.0.6+7 (21.0.6+7) (build 21.0.6+7-LTS)
# Java VM: OpenJDK 64-Bit Server VM Temurin-21.0.6+7 (21.0.6+7-LTS, mixed mode, tiered, compressed oops, compressed class ptrs, g1 gc, bsd-amd64)
Heap:
 garbage-first heap   total 264192K, used 157948K [0x0000000700000000, 0x0000000800000000)
  region size 2048K, 64 young (131072K), 1 survivors (2048K)
 Metaspace       used 15475K, committed 15680K, reserved 1114112K
  class space    used 1423K, committed 1536K, reserved 1048576K
GC Heap History (20 events):
Event: 211.438 GC heap before
{Heap before GC invocations=854 (full 0):
 garbage-first heap   total 262144K, used 182764K [0x0000000700000000, 0x0000000800000000)
  region size 2048K, 76 young (155648K), 1 survivors (2048K)
 Metaspace       used 15475K, committed 15680K, reserved 1114112K
  class space    used 1423K, committed 1536K, reserved 1048576K
}
Event: 211.440 GC heap after
{Heap after GC invocations=855 (full 0):
 garbage-first heap   total 262144K, used 29200K [0x0000000700000000, 0x0000000800000000)
  region size 2048K, 1 young (2048K), 1 survivors (2048K)
 Metaspace       used 15475K, committed 15680K, reserved 1114112K
  class space    used 1423K, committed 1536K, reserved 1048576K
}
Event: 215.234 GC heap before
{Heap before GC invocations=855 (full 0):
 garbage-first heap   total 262144K, used 260624K [0x0000000700000000, 0x0000000800000000)
  region size 2048K, 114 young (233472K), 1 survivors (2048K)
 Metaspace       used 15475K, committed 15680K, reserved 1114112K
  class space    used 1423K, committed 1536K, reserved 1048576K
}
Event: 215.245 GC heap after
{Heap after GC invocations=856 (full 0):
 garbage-first heap   total 264192K, used 29236K [0x0000000700000000, 0x0000000800000000)
  region size 2048K, 1 young (2048K), 1 survivors (2048K)
 Metaspace       used 15475K, committed 15680K, reserved 1114112K
  class space    used 1423K, committed 1536K, reserved 1048576K
}
Event: 215.546 GC heap before
{Heap before GC invocations=856 (full 0):
 garbage-first heap   total 264192K, used 184884K [0x0000000700000000, 0x0000000800000000)
  region size 2048K, 77 young (157696K), 1 survivors (2048K)
 Metaspace       used 15475K, committed 15680K, reserved 1114112K
  class space    used 1423K, committed 1536K, reserved 1048576K
}
Event: 215.547 GC heap after
{Heap after GC invocations=857 (full 0):
 garbage-first heap   total 264192K, used 29238K [0x0000000700000000, 0x0000000800000000)
  region size 2048K, 1 young (2048K), 1 survivors (2048K)
 Metaspace       used 15475K, committed 15680K, reserved 1114112K
  class space    used 1423K, committed 1536K, reserved 1048576K
}
Event: 215.791 GC heap before
{Heap before GC invocations=857 (full 0):
 garbage-first heap   total 264192K, used 184886K [0x0000000700000000, 0x0000000800000000)
  region size 2048K, 77 young (157696K), 1 survivors (2048K)
 Metaspace       used 15475K, committed 15680K, reserved 1114112K
  class space    used 1423K, committed 1536K, reserved 1048576K
}
Event: 215.792 GC heap after
{Heap after GC invocations=858 (full 0):
 garbage-first heap   total 264192K, used 29201K [0x0000000700000000, 0x0000000800000000)
  region size 2048K, 1 young (2048K), 1 survivors (2048K)
 Metaspace       used 15475K, committed 15680K, reserved 1114112K
  class space    used 1423K, committed 1536K, reserved 1048576K
}
Event: 216.033 GC heap before
{Heap before GC invocations=858 (full 0):
 garbage-first heap   total 264192K, used 184849K [0x0000000700000000, 0x0000000800000000)
  region size 2048K, 77 young (157696K), 1 survivors (2048K)
 Metaspace       used 15475K, committed 15680K, reserved 1114112K
  class space    used 1423K, committed 1536K, reserved 1048576K
}
Event: 216.035 GC heap after
{Heap after GC invocations=859 (full 0):
 garbage-first heap   total 264192K, used 29165K [0x0000000700000000, 0x0000000800000000)
  region size 2048K, 1 young (2048K), 1 survivors (2048K)
 Metaspace       used 15475K, committed 15680K, reserved 1114112K
  class space    used 1423K, committed 1536K, reserved 1048576K
}
Event: 216.276 GC heap before
{Heap before GC invocations=859 (full 0):
 garbage-first heap   total 264192K, used 184813K [0x0000000700000000, 0x0000000800000000)
  region size 2048K, 77 young (157696K), 1 survivors (2048K)
 Metaspace       used 15475K, committed 15680K, reserved 1114112K
  class space    used 1423K, committed 1536K, reserved 1048576K
}
Event: 216.277 GC heap after
{Heap after GC invocations=860 (full 0):
 garbage-first heap   total 264192K, used 29164K [0x0000000700000000, 0x0000000800000000)
  region size 2048K, 1 young (2048K), 1 survivors (2048K)
 Metaspace       used 15475K, committed 15680K, reserved 1114112K
  class space    used 1423K, committed 1536K, reserved 1048576K
}
Event: 216.527 GC heap before
{Heap before GC invocations=860 (full 0):
 garbage-first heap   total 264192K, used 184812K [0x0000000700000000, 0x0000000800000000)
  region size 2048K, 77 young (157696K), 1 survivors (2048K)
 Metaspace       used 15475K, committed 15680K, reserved 1114112K
  class space    used 1423K, committed 1536K, reserved 1048576K
}
Event: 216.528 GC heap after
{Heap after GC invocations=861 (full 0):
 garbage-first heap   total 264192K, used 29236K [0x0000000700000000, 0x0000000800000000)
  region size 2048K, 1 young (2048K), 1 survivors (2048K)
 Metaspace       used 15475K, committed 15680K, reserved 1114112K
  class space    used 1423K, committed 1536K, reserved 1048576K
}
Event: 216.768 GC heap before
{Heap before GC invocations=861 (full 0):
 garbage-first heap   total 264192K, used 184884K [0x0000000700000000, 0x0000000800000000)
  region size 2048K, 77 young (157696K), 1 survivors (2048K)
 Metaspace       used 15475K, committed 15680K, reserved 1114112K
  class space    used 1423K, committed 1536K, reserved 1048576K
}
Event: 216.770 GC heap after
{Heap after GC invocations=862 (full 0):
 garbage-first heap   total 264192K, used 29164K [0x0000000700000000, 0x0000000800000000)
  region size 2048K, 1 young (2048K), 1 survivors (2048K)
 Metaspace       used 15475K, committed 15680K, reserved 1114112K
  class space    used 1423K, committed 1536K, reserved 1048576K
}
Event: 217.011 GC heap before
{Heap before GC invocations=862 (full 0):
 garbage-first heap   total 264192K, used 184812K [0x0000000700000000, 0x0000000800000000)
  region size 2048K, 77 young (157696K), 1 survivors (2048K)
 Metaspace       used 15475K, committed 15680K, reserved 1114112K
  class space    used 1423K, committed 1536K, reserved 1048576K
}
Event: 217.012 GC heap after
{Heap after GC invocations=863 (full 0):
 garbage-first heap   total 264192K, used 29236K [0x0000000700000000, 0x0000000800000000)
  region size 2048K, 1 young (2048K), 1 survivors (2048K)
 Metaspace       used 15475K, committed 15680K, reserved 1114112K
  class space    used 1423K, committed 1536K, reserved 1048576K
}
Event: 217.755 GC heap before
{Heap before GC invocations=863 (full 0):
 garbage-first heap   total 264192K, used 184884K [0x0000000700000000, 0x0000000800000000)
  region size 2048K, 77 young (157696K), 1 survivors (2048K)
 Metaspace       used 15475K, committed 15680K, reserved 1114112K
  class space    used 1423K, committed 1536K, reserved 1048576K
}
Event: 217.756 GC heap after
{Heap after GC invocations=864 (full 0):
 garbage-first heap   total 264192K, used 29200K [0x0000000700000000, 0x0000000800000000)
  region size 2048K, 1 young (2048K), 1 survivors (2048K)
 Metaspace       used 15475K, committed 15680K, reserved 1114112K
  class space    used 1423K, committed 1536K, reserved 1048576K
}

